#
# There is insufficient memory for the Java Runtime Environment to continue.
# Native memory allocation (malloc) failed to allocate 1556816 bytes. Error detail: Chunk::new
# Possible reasons:
#   The system is out of physical RAM or swap space
#   This process is running with CompressedOops enabled, and the Java Heap may be blocking the growth of the native heap
# Possible solutions:
#   Reduce memory load on the system
#   Increase physical memory or swap space
#   Check if swap backing store is full
#   Decrease Java heap size (-Xmx/-Xms)
#   Decrease number of Java threads
#   Decrease Java thread stack sizes (-Xss)
#   Set larger code cache with -XX:ReservedCodeCacheSize=
#   JVM is running with Unscaled Compressed Oops mode in which the Java heap is
#     placed in the first 4GB address space. The Java Heap base address is the
#     maximum limit for the native heap growth. Please use -XX:HeapBaseMinAddress
#     to set the Java Heap base and to place the Java Heap above 4GB virtual address.
# This output file may be truncated or incomplete.
#
#  Out of Memory Error (arena.cpp:168), pid=27248, tid=28028
#
# JRE version: OpenJDK Runtime Environment Temurin-21.0.9+10 (21.0.9+10) (build 21.0.9+10-LTS)
# Java VM: OpenJDK 64-Bit Server VM Temurin-21.0.9+10 (21.0.9+10-LTS, mixed mode, sharing, tiered, compressed oops, compressed class ptrs, parallel gc, windows-amd64)
# No core dump will be written. Minidumps are not enabled by default on client versions of Windows
#

---------------  S U M M A R Y ------------

Command Line: --add-modules=ALL-SYSTEM --add-opens=java.base/java.util=ALL-UNNAMED --add-opens=java.base/java.lang=ALL-UNNAMED --add-opens=java.base/sun.nio.fs=ALL-UNNAMED -Declipse.application=org.eclipse.jdt.ls.core.id1 -Dosgi.bundles.defaultStartLevel=4 -Declipse.product=org.eclipse.jdt.ls.core.product -Djava.import.generatesMetadataFilesAtProjectRoot=false -DDetectVMInstallationsJob.disabled=true -Dfile.encoding=utf8 -XX:+UseParallelGC -XX:GCTimeRatio=4 -XX:AdaptiveSizePolicyWeight=90 -Dsun.zip.disableMemoryMapping=true -Xmx2G -Xms100m -Xlog:disable -javaagent:c:\Users\N I T R O  V  15\.antigravity\extensions\redhat.java-1.50.0-win32-x64\lombok\lombok-1.18.39-4050.jar c:\Users\N I T R O  V  15\.antigravity\extensions\redhat.java-1.50.0-win32-x64\server\plugins\org.eclipse.equinox.launcher_1.7.100.v20251111-0406.jar -configuration c:\Users\N I T R O  V  15\AppData\Roaming\Antigravity\User\globalStorage\redhat.java\1.50.0\config_ss_win -data c:\Users\N I T R O  V  15\AppData\Roaming\Antigravity\User\workspaceStorage\73e4d8695a569b01e8c4984038c310c4\redhat.java\ss_ws --pipe=\\.\pipe\lsp-2327929b7d9cbc69aa70848375add6c2-sock

Host: 13th Gen Intel(R) Core(TM) i5-13420H, 12 cores, 15G,  Windows 11 , 64 bit Build 26100 (10.0.26100.7309)
Time: Tue Dec 16 22:52:33 2025 SE Asia Standard Time elapsed time: 15.524557 seconds (0d 0h 0m 15s)

---------------  T H R E A D  ---------------

Current thread (0x00000195ecb939f0):  JavaThread "C2 CompilerThread1" daemon [_thread_in_native, id=28028, stack(0x0000007691600000,0x0000007691700000) (1024K)]


Current CompileTask:
C2:15524 2624       4       org.lombokweb.asm.ClassReader::readMethod (1070 bytes)

Stack: [0x0000007691600000,0x0000007691700000]
Native frames: (J=compiled Java code, j=interpreted, Vv=VM code, C=native code)
V  [jvm.dll+0x6d6e29]
V  [jvm.dll+0x8b4b76]
V  [jvm.dll+0x8b712e]
V  [jvm.dll+0x8b7813]
V  [jvm.dll+0x283d86]
V  [jvm.dll+0xc66ed]
V  [jvm.dll+0xc6c31]
V  [jvm.dll+0x3be501]
V  [jvm.dll+0x38ab92]
V  [jvm.dll+0x389fda]
V  [jvm.dll+0x24bfa0]
V  [jvm.dll+0x24b580]
V  [jvm.dll+0x1cb13e]
V  [jvm.dll+0x25b29d]
V  [jvm.dll+0x25982a]
V  [jvm.dll+0x3f7ea6]
V  [jvm.dll+0x85e9ad]
V  [jvm.dll+0x6d565d]
C  [ucrtbase.dll+0x37b0]
C  [KERNEL32.DLL+0x2e8d7]
C  [ntdll.dll+0x8c53c]


---------------  P R O C E S S  ---------------

Threads class SMR info:
_java_thread_list=0x00000195ec7fcf90, length=19, elements={
0x00000195901d42a0, 0x0000019592619400, 0x000001959261ac50, 0x000001959261f510,
0x00000195926221f0, 0x0000019592622c40, 0x0000019592623690, 0x00000195926264d0,
0x00000195eb499730, 0x00000195eb70f1a0, 0x00000195eb7cedc0, 0x00000195ecb400c0,
0x00000195f125f5a0, 0x00000195f125fe10, 0x00000195eb70eb30, 0x00000195ec9eabb0,
0x00000195ecb939f0, 0x00000195f11a1ee0, 0x00000195f1364e20
}

Java Threads: ( => current thread )
  0x00000195901d42a0 JavaThread "main"                              [_thread_blocked, id=29140, stack(0x000000768fa00000,0x000000768fb00000) (1024K)]
  0x0000019592619400 JavaThread "Reference Handler"          daemon [_thread_blocked, id=29408, stack(0x000000768fe00000,0x000000768ff00000) (1024K)]
  0x000001959261ac50 JavaThread "Finalizer"                  daemon [_thread_blocked, id=6860, stack(0x000000768ff00000,0x0000007690000000) (1024K)]
  0x000001959261f510 JavaThread "Signal Dispatcher"          daemon [_thread_blocked, id=27272, stack(0x0000007690000000,0x0000007690100000) (1024K)]
  0x00000195926221f0 JavaThread "Attach Listener"            daemon [_thread_blocked, id=15724, stack(0x0000007690100000,0x0000007690200000) (1024K)]
  0x0000019592622c40 JavaThread "Service Thread"             daemon [_thread_blocked, id=27808, stack(0x0000007690200000,0x0000007690300000) (1024K)]
  0x0000019592623690 JavaThread "Monitor Deflation Thread"   daemon [_thread_blocked, id=6296, stack(0x0000007690300000,0x0000007690400000) (1024K)]
  0x00000195926264d0 JavaThread "C2 CompilerThread0"         daemon [_thread_blocked, id=27040, stack(0x0000007690400000,0x0000007690500000) (1024K)]
  0x00000195eb499730 JavaThread "C1 CompilerThread0"         daemon [_thread_blocked, id=7928, stack(0x0000007690500000,0x0000007690600000) (1024K)]
  0x00000195eb70f1a0 JavaThread "Common-Cleaner"             daemon [_thread_blocked, id=9864, stack(0x0000007690700000,0x0000007690800000) (1024K)]
  0x00000195eb7cedc0 JavaThread "Notification Thread"        daemon [_thread_blocked, id=28284, stack(0x0000007690800000,0x0000007690900000) (1024K)]
  0x00000195ecb400c0 JavaThread "Active Thread: Equinox Container: abaf961a-aa9b-485a-9a6f-d81bc4871e4c"        [_thread_blocked, id=27840, stack(0x0000007690900000,0x0000007690a00000) (1024K)]
  0x00000195f125f5a0 JavaThread "Framework Event Dispatcher: Equinox Container: abaf961a-aa9b-485a-9a6f-d81bc4871e4c" daemon [_thread_blocked, id=14824, stack(0x0000007690600000,0x0000007690700000) (1024K)]
  0x00000195f125fe10 JavaThread "Start Level: Equinox Container: abaf961a-aa9b-485a-9a6f-d81bc4871e4c" daemon [_thread_in_native, id=29924, stack(0x0000007691000000,0x0000007691100000) (1024K)]
  0x00000195eb70eb30 JavaThread "SCR Component Actor"        daemon [_thread_blocked, id=26928, stack(0x0000007691200000,0x0000007691300000) (1024K)]
  0x00000195ec9eabb0 JavaThread "Worker-JM"                         [_thread_blocked, id=24120, stack(0x0000007691300000,0x0000007691400000) (1024K)]
=>0x00000195ecb939f0 JavaThread "C2 CompilerThread1"         daemon [_thread_in_native, id=28028, stack(0x0000007691600000,0x0000007691700000) (1024K)]
  0x00000195f11a1ee0 JavaThread "Worker-0"                          [_thread_blocked, id=30072, stack(0x0000007691700000,0x0000007691800000) (1024K)]
  0x00000195f1364e20 JavaThread "Worker-1"                          [_thread_blocked, id=30320, stack(0x0000007691800000,0x0000007691900000) (1024K)]
Total: 19

Other Threads:
  0x0000019590289fb0 VMThread "VM Thread"                           [id=26628, stack(0x000000768fd00000,0x000000768fe00000) (1024K)]
  0x000001959250ca00 WatcherThread "VM Periodic Task Thread"        [id=19768, stack(0x000000768fc00000,0x000000768fd00000) (1024K)]
  0x00000195926aabf0 WorkerThread "GC Thread#0"                     [id=28288, stack(0x000000768fb00000,0x000000768fc00000) (1024K)]
  0x00000195ecb440f0 WorkerThread "GC Thread#1"                     [id=14052, stack(0x0000007690a00000,0x0000007690b00000) (1024K)]
  0x00000195ecbab2d0 WorkerThread "GC Thread#2"                     [id=27128, stack(0x0000007690b00000,0x0000007690c00000) (1024K)]
  0x00000195ecbab670 WorkerThread "GC Thread#3"                     [id=29860, stack(0x0000007690c00000,0x0000007690d00000) (1024K)]
  0x00000195eca07bc0 WorkerThread "GC Thread#4"                     [id=26300, stack(0x0000007690d00000,0x0000007690e00000) (1024K)]
  0x00000195f10cc390 WorkerThread "GC Thread#5"                     [id=24684, stack(0x0000007690e00000,0x0000007690f00000) (1024K)]
  0x00000195f10cc730 WorkerThread "GC Thread#6"                     [id=26328, stack(0x0000007690f00000,0x0000007691000000) (1024K)]
  0x00000195eb603d90 WorkerThread "GC Thread#7"                     [id=740, stack(0x0000007691100000,0x0000007691200000) (1024K)]
  0x00000195ec4a5d00 WorkerThread "GC Thread#8"                     [id=30964, stack(0x0000007691400000,0x0000007691500000) (1024K)]
  0x00000195ec705d80 WorkerThread "GC Thread#9"                     [id=28328, stack(0x0000007691500000,0x0000007691600000) (1024K)]
Total: 12

Threads with active compile tasks:
C1 CompilerThread0  15534 2679       3       sun.net.util.IPAddressUtil::checkExternalForm (98 bytes)
C2 CompilerThread1  15534 2624       4       org.lombokweb.asm.ClassReader::readMethod (1070 bytes)
Total: 2

VM state: not at safepoint (normal execution)

VM Mutex/Monitor currently owned by a thread: None

Heap address: 0x0000000080000000, size: 2048 MB, Compressed Oops mode: 32-bit

CDS archive(s) mapped at: [0x00000195a9000000-0x00000195a9ba0000-0x00000195a9ba0000), size 12189696, SharedBaseAddress: 0x00000195a9000000, ArchiveRelocationMode: 1.
Compressed class space mapped at: 0x00000195aa000000-0x00000195ea000000, reserved size: 1073741824
Narrow klass base: 0x00000195a9000000, Narrow klass shift: 0, Narrow klass range: 0x100000000

GC Precious Log:
 CardTable entry size: 512
 CPUs: 12 total, 12 available
 Memory: 16087M
 Large Page Support: Disabled
 NUMA Support: Disabled
 Compressed Oops: Enabled (32-bit)
 Alignments: Space 512K, Generation 512K, Heap 2M
 Heap Min Capacity: 100M
 Heap Initial Capacity: 100M
 Heap Max Capacity: 2G
 Pre-touch: Disabled
 Parallel Workers: 10

Heap:
 PSYoungGen      total 29184K, used 17137K [0x00000000d5580000, 0x00000000d7900000, 0x0000000100000000)
  eden space 25088K, 51% used [0x00000000d5580000,0x00000000d623ccf8,0x00000000d6e00000)
  from space 4096K, 99% used [0x00000000d6e80000,0x00000000d727f990,0x00000000d7280000)
  to   space 5632K, 0% used [0x00000000d7380000,0x00000000d7380000,0x00000000d7900000)
 ParOldGen       total 68608K, used 5432K [0x0000000080000000, 0x0000000084300000, 0x00000000d5580000)
  object space 68608K, 7% used [0x0000000080000000,0x000000008054e050,0x0000000084300000)
 Metaspace       used 20600K, committed 21184K, reserved 1114112K
  class space    used 1985K, committed 2240K, reserved 1048576K

Card table byte_map: [0x0000019592020000,0x0000019592430000] _byte_map_base: 0x0000019591c20000

Marking Bits: (ParMarkBitMap*) 0x00007ffd4a422460
 Begin Bits: [0x00000195a4b30000, 0x00000195a6b30000)
 End Bits:   [0x00000195a6b30000, 0x00000195a8b30000)

Polling page: 0x00000195904d0000

Metaspace:

Usage:
  Non-class:     18.18 MB used.
      Class:      1.94 MB used.
       Both:     20.12 MB used.

Virtual space:
  Non-class space:       64.00 MB reserved,      18.50 MB ( 29%) committed,  1 nodes.
      Class space:        1.00 GB reserved,       2.19 MB ( <1%) committed,  1 nodes.
             Both:        1.06 GB reserved,      20.69 MB (  2%) committed. 

Chunk freelists:
   Non-Class:  12.70 MB
       Class:  13.82 MB
        Both:  26.53 MB

MaxMetaspaceSize: unlimited
CompressedClassSpaceSize: 1.00 GB
Initial GC threshold: 21.00 MB
Current GC threshold: 21.00 MB
CDS: on
 - commit_granule_bytes: 65536.
 - commit_granule_words: 8192.
 - virtual_space_node_default_size: 8388608.
 - enlarge_chunks_in_place: 1.
 - use_allocation_guard: 0.


Internal statistics:

num_allocs_failed_limit: 0.
num_arena_births: 480.
num_arena_deaths: 0.
num_vsnodes_births: 2.
num_vsnodes_deaths: 0.
num_space_committed: 331.
num_space_uncommitted: 0.
num_chunks_returned_to_freelist: 0.
num_chunks_taken_from_freelist: 1243.
num_chunk_merges: 0.
num_chunk_splits: 812.
num_chunks_enlarged: 524.
num_inconsistent_stats: 0.

CodeHeap 'non-profiled nmethods': size=120000Kb used=1151Kb max_used=1151Kb free=118849Kb
 bounds [0x000001959d350000, 0x000001959d5c0000, 0x00000195a4880000]
CodeHeap 'profiled nmethods': size=120000Kb used=5318Kb max_used=5318Kb free=114681Kb
 bounds [0x0000019595880000, 0x0000019595dc0000, 0x000001959cdb0000]
CodeHeap 'non-nmethods': size=5760Kb used=1307Kb max_used=1345Kb free=4452Kb
 bounds [0x000001959cdb0000, 0x000001959d020000, 0x000001959d350000]
CodeCache: size=245760Kb, used=7776Kb, max_used=7814Kb, free=237982Kb
 total_blobs=3262, nmethods=2676, adapters=492, full_count=0
Compilation: enabled, stopped_count=0, restarted_count=0

Compilation events (20 events):
Event: 14.486 Thread 0x00000195eb499730 nmethod 2659 0x0000019595da1590 code [0x0000019595da1760, 0x0000019595da1b68]
Event: 14.486 Thread 0x00000195eb499730 2658       3       org.eclipse.core.internal.preferences.DefaultPreferences::internalPut (66 bytes)
Event: 14.487 Thread 0x00000195eb499730 nmethod 2658 0x0000019595da1c90 code [0x0000019595da1f00, 0x0000019595da2938]
Event: 14.487 Thread 0x00000195eb499730 2660       3       org.eclipse.core.internal.preferences.EclipsePreferences::absolutePath (79 bytes)
Event: 14.489 Thread 0x00000195f121e590 nmethod 2666 0x000001959d46e590 code [0x000001959d46e7a0, 0x000001959d46ee10]
Event: 14.491 Thread 0x00000195eb499730 nmethod 2660 0x0000019595da2d10 code [0x0000019595da33c0, 0x0000019595da8868]
Event: 14.491 Thread 0x00000195eb499730 2661   !   3       org.eclipse.core.internal.preferences.EclipsePreferences::getChild (92 bytes)
Event: 14.491 Thread 0x00000195eb499730 nmethod 2661 0x0000019595da9b90 code [0x0000019595da9dc0, 0x0000019595daa6e0]
Event: 14.491 Thread 0x00000195eb499730 2662       3       org.eclipse.core.internal.preferences.PreferencesService::getRootNode (4 bytes)
Event: 14.491 Thread 0x00000195eb499730 nmethod 2662 0x0000019595daa990 code [0x0000019595daab20, 0x0000019595daac38]
Event: 14.491 Thread 0x00000195eb499730 2663       3       org.eclipse.core.internal.preferences.RootPreferences::node (7 bytes)
Event: 14.492 Thread 0x00000195eb499730 nmethod 2663 0x0000019595daad10 code [0x0000019595daaec0, 0x0000019595dab008]
Event: 14.492 Thread 0x00000195eb499730 2664       3       org.eclipse.core.internal.preferences.RootPreferences::getNode (135 bytes)
Event: 14.492 Thread 0x00000195eb499730 nmethod 2664 0x0000019595dab090 code [0x0000019595dab3e0, 0x0000019595dac780]
Event: 14.493 Thread 0x00000195eb499730 2665   !   3       org.eclipse.core.internal.preferences.EclipsePreferences::getOrCreate (108 bytes)
Event: 14.493 Thread 0x00000195eb499730 nmethod 2665 0x0000019595dace90 code [0x0000019595dad0e0, 0x0000019595dadba0]
Event: 15.062 Thread 0x00000195eb499730 2667       1       java.util.concurrent.atomic.AtomicLong::get (5 bytes)
Event: 15.062 Thread 0x00000195eb499730 nmethod 2667 0x000001959d46f310 code [0x000001959d46f4a0, 0x000001959d46f570]
Event: 15.182 Thread 0x00000195eb499730 2668       1       org.eclipse.core.internal.jobs.InternalJob::previous (5 bytes)
Event: 15.182 Thread 0x00000195eb499730 nmethod 2668 0x000001959d46f610 code [0x000001959d46f7a0, 0x000001959d46f868]

GC Heap History (10 events):
Event: 1.057 GC heap before
{Heap before GC invocations=1 (full 0):
 PSYoungGen      total 29696K, used 25600K [0x00000000d5580000, 0x00000000d7680000, 0x0000000100000000)
  eden space 25600K, 100% used [0x00000000d5580000,0x00000000d6e80000,0x00000000d6e80000)
  from space 4096K, 0% used [0x00000000d7280000,0x00000000d7280000,0x00000000d7680000)
  to   space 4096K, 0% used [0x00000000d6e80000,0x00000000d6e80000,0x00000000d7280000)
 ParOldGen       total 68608K, used 0K [0x0000000080000000, 0x0000000084300000, 0x00000000d5580000)
  object space 68608K, 0% used [0x0000000080000000,0x0000000080000000,0x0000000084300000)
 Metaspace       used 4324K, committed 4608K, reserved 1114112K
  class space    used 470K, committed 576K, reserved 1048576K
}
Event: 1.064 GC heap after
{Heap after GC invocations=1 (full 0):
 PSYoungGen      total 29696K, used 3312K [0x00000000d5580000, 0x00000000d7680000, 0x0000000100000000)
  eden space 25600K, 0% used [0x00000000d5580000,0x00000000d5580000,0x00000000d6e80000)
  from space 4096K, 80% used [0x00000000d6e80000,0x00000000d71bc148,0x00000000d7280000)
  to   space 4096K, 0% used [0x00000000d7280000,0x00000000d7280000,0x00000000d7680000)
 ParOldGen       total 68608K, used 16K [0x0000000080000000, 0x0000000084300000, 0x00000000d5580000)
  object space 68608K, 0% used [0x0000000080000000,0x0000000080004000,0x0000000084300000)
 Metaspace       used 4324K, committed 4608K, reserved 1114112K
  class space    used 470K, committed 576K, reserved 1048576K
}
Event: 9.839 GC heap before
{Heap before GC invocations=2 (full 0):
 PSYoungGen      total 29696K, used 28912K [0x00000000d5580000, 0x00000000d7680000, 0x0000000100000000)
  eden space 25600K, 100% used [0x00000000d5580000,0x00000000d6e80000,0x00000000d6e80000)
  from space 4096K, 80% used [0x00000000d6e80000,0x00000000d71bc148,0x00000000d7280000)
  to   space 4096K, 0% used [0x00000000d7280000,0x00000000d7280000,0x00000000d7680000)
 ParOldGen       total 68608K, used 16K [0x0000000080000000, 0x0000000084300000, 0x00000000d5580000)
  object space 68608K, 0% used [0x0000000080000000,0x0000000080004000,0x0000000084300000)
 Metaspace       used 8260K, committed 8576K, reserved 1114112K
  class space    used 877K, committed 1024K, reserved 1048576K
}
Event: 9.845 GC heap after
{Heap after GC invocations=2 (full 0):
 PSYoungGen      total 29696K, used 4086K [0x00000000d5580000, 0x00000000d7680000, 0x0000000100000000)
  eden space 25600K, 0% used [0x00000000d5580000,0x00000000d5580000,0x00000000d6e80000)
  from space 4096K, 99% used [0x00000000d7280000,0x00000000d767d810,0x00000000d7680000)
  to   space 4096K, 0% used [0x00000000d6e80000,0x00000000d6e80000,0x00000000d7280000)
 ParOldGen       total 68608K, used 921K [0x0000000080000000, 0x0000000084300000, 0x00000000d5580000)
  object space 68608K, 1% used [0x0000000080000000,0x00000000800e66a8,0x0000000084300000)
 Metaspace       used 8260K, committed 8576K, reserved 1114112K
  class space    used 877K, committed 1024K, reserved 1048576K
}
Event: 11.813 GC heap before
{Heap before GC invocations=3 (full 0):
 PSYoungGen      total 29696K, used 29686K [0x00000000d5580000, 0x00000000d7680000, 0x0000000100000000)
  eden space 25600K, 100% used [0x00000000d5580000,0x00000000d6e80000,0x00000000d6e80000)
  from space 4096K, 99% used [0x00000000d7280000,0x00000000d767d810,0x00000000d7680000)
  to   space 4096K, 0% used [0x00000000d6e80000,0x00000000d6e80000,0x00000000d7280000)
 ParOldGen       total 68608K, used 921K [0x0000000080000000, 0x0000000084300000, 0x00000000d5580000)
  object space 68608K, 1% used [0x0000000080000000,0x00000000800e66a8,0x0000000084300000)
 Metaspace       used 13084K, committed 13632K, reserved 1114112K
  class space    used 1384K, committed 1600K, reserved 1048576K
}
Event: 11.818 GC heap after
{Heap after GC invocations=3 (full 0):
 PSYoungGen      total 29696K, used 4086K [0x00000000d5580000, 0x00000000d7680000, 0x0000000100000000)
  eden space 25600K, 0% used [0x00000000d5580000,0x00000000d5580000,0x00000000d6e80000)
  from space 4096K, 99% used [0x00000000d6e80000,0x00000000d727dac0,0x00000000d7280000)
  to   space 4096K, 0% used [0x00000000d7280000,0x00000000d7280000,0x00000000d7680000)
 ParOldGen       total 68608K, used 2749K [0x0000000080000000, 0x0000000084300000, 0x00000000d5580000)
  object space 68608K, 4% used [0x0000000080000000,0x00000000802af708,0x0000000084300000)
 Metaspace       used 13084K, committed 13632K, reserved 1114112K
  class space    used 1384K, committed 1600K, reserved 1048576K
}
Event: 14.171 GC heap before
{Heap before GC invocations=4 (full 0):
 PSYoungGen      total 29696K, used 29686K [0x00000000d5580000, 0x00000000d7680000, 0x0000000100000000)
  eden space 25600K, 100% used [0x00000000d5580000,0x00000000d6e80000,0x00000000d6e80000)
  from space 4096K, 99% used [0x00000000d6e80000,0x00000000d727dac0,0x00000000d7280000)
  to   space 4096K, 0% used [0x00000000d7280000,0x00000000d7280000,0x00000000d7680000)
 ParOldGen       total 68608K, used 2749K [0x0000000080000000, 0x0000000084300000, 0x00000000d5580000)
  object space 68608K, 4% used [0x0000000080000000,0x00000000802af708,0x0000000084300000)
 Metaspace       used 16077K, committed 16704K, reserved 1114112K
  class space    used 1668K, committed 1920K, reserved 1048576K
}
Event: 14.174 GC heap after
{Heap after GC invocations=4 (full 0):
 PSYoungGen      total 29696K, used 4091K [0x00000000d5580000, 0x00000000d7680000, 0x0000000100000000)
  eden space 25600K, 0% used [0x00000000d5580000,0x00000000d5580000,0x00000000d6e80000)
  from space 4096K, 99% used [0x00000000d7280000,0x00000000d767ee08,0x00000000d7680000)
  to   space 4096K, 0% used [0x00000000d6e80000,0x00000000d6e80000,0x00000000d7280000)
 ParOldGen       total 68608K, used 4956K [0x0000000080000000, 0x0000000084300000, 0x00000000d5580000)
  object space 68608K, 7% used [0x0000000080000000,0x00000000804d7148,0x0000000084300000)
 Metaspace       used 16077K, committed 16704K, reserved 1114112K
  class space    used 1668K, committed 1920K, reserved 1048576K
}
Event: 14.412 GC heap before
{Heap before GC invocations=5 (full 0):
 PSYoungGen      total 29696K, used 29674K [0x00000000d5580000, 0x00000000d7680000, 0x0000000100000000)
  eden space 25600K, 99% used [0x00000000d5580000,0x00000000d6e7bde8,0x00000000d6e80000)
  from space 4096K, 99% used [0x00000000d7280000,0x00000000d767ee08,0x00000000d7680000)
  to   space 4096K, 0% used [0x00000000d6e80000,0x00000000d6e80000,0x00000000d7280000)
 ParOldGen       total 68608K, used 4956K [0x0000000080000000, 0x0000000084300000, 0x00000000d5580000)
  object space 68608K, 7% used [0x0000000080000000,0x00000000804d7148,0x0000000084300000)
 Metaspace       used 20223K, committed 20864K, reserved 1114112K
  class space    used 1974K, committed 2240K, reserved 1048576K
}
Event: 14.416 GC heap after
{Heap after GC invocations=5 (full 0):
 PSYoungGen      total 29184K, used 4094K [0x00000000d5580000, 0x00000000d7900000, 0x0000000100000000)
  eden space 25088K, 0% used [0x00000000d5580000,0x00000000d5580000,0x00000000d6e00000)
  from space 4096K, 99% used [0x00000000d6e80000,0x00000000d727f990,0x00000000d7280000)
  to   space 5632K, 0% used [0x00000000d7380000,0x00000000d7380000,0x00000000d7900000)
 ParOldGen       total 68608K, used 5432K [0x0000000080000000, 0x0000000084300000, 0x00000000d5580000)
  object space 68608K, 7% used [0x0000000080000000,0x000000008054e050,0x0000000084300000)
 Metaspace       used 20223K, committed 20864K, reserved 1114112K
  class space    used 1974K, committed 2240K, reserved 1048576K
}

Dll operation events (9 events):
Event: 0.014 Loaded shared library c:\Users\N I T R O  V  15\.antigravity\extensions\redhat.java-1.50.0-win32-x64\jre\21.0.9-win32-x86_64\bin\java.dll
Event: 0.099 Loaded shared library c:\Users\N I T R O  V  15\.antigravity\extensions\redhat.java-1.50.0-win32-x64\jre\21.0.9-win32-x86_64\bin\zip.dll
Event: 0.122 Loaded shared library C:\Users\N I T R O  V  15\.antigravity\extensions\redhat.java-1.50.0-win32-x64\jre\21.0.9-win32-x86_64\bin\instrument.dll
Event: 0.128 Loaded shared library C:\Users\N I T R O  V  15\.antigravity\extensions\redhat.java-1.50.0-win32-x64\jre\21.0.9-win32-x86_64\bin\net.dll
Event: 0.130 Loaded shared library C:\Users\N I T R O  V  15\.antigravity\extensions\redhat.java-1.50.0-win32-x64\jre\21.0.9-win32-x86_64\bin\nio.dll
Event: 0.134 Loaded shared library C:\Users\N I T R O  V  15\.antigravity\extensions\redhat.java-1.50.0-win32-x64\jre\21.0.9-win32-x86_64\bin\zip.dll
Event: 0.154 Loaded shared library C:\Users\N I T R O  V  15\.antigravity\extensions\redhat.java-1.50.0-win32-x64\jre\21.0.9-win32-x86_64\bin\jimage.dll
Event: 0.256 Loaded shared library c:\Users\N I T R O  V  15\.antigravity\extensions\redhat.java-1.50.0-win32-x64\jre\21.0.9-win32-x86_64\bin\verify.dll
Event: 9.934 Loaded shared library C:\Users\N I T R O  V  15\AppData\Roaming\Antigravity\User\globalStorage\redhat.java\1.50.0\config_ss_win\org.eclipse.equinox.launcher\org.eclipse.equinox.launcher.win32.win32.x86_64_1.2.1400.v20250801-0854\eclipse_11916.dll

Deoptimization events (20 events):
Event: 13.099 Thread 0x00000195f125fe10 DEOPT PACKING pc=0x000001959d439fd0 sp=0x00000076910f3630
Event: 13.099 Thread 0x00000195f125fe10 DEOPT UNPACKING pc=0x000001959ce03aa2 sp=0x00000076910f35f0 mode 2
Event: 14.158 Thread 0x00000195f125fe10 Uncommon trap: trap_request=0xffffff45 fr.pc=0x000001959d4500ac relative=0x00000000000007ac
Event: 14.158 Thread 0x00000195f125fe10 Uncommon trap: reason=unstable_if action=reinterpret pc=0x000001959d4500ac method=org.lombokweb.asm.ClassReader.readUTF8(I[C)Ljava/lang/String; @ 11 c2
Event: 14.158 Thread 0x00000195f125fe10 DEOPT PACKING pc=0x000001959d4500ac sp=0x00000076910ef600
Event: 14.158 Thread 0x00000195f125fe10 DEOPT UNPACKING pc=0x000001959ce03aa2 sp=0x00000076910ef5e8 mode 2
Event: 14.187 Thread 0x00000195f125fe10 DEOPT PACKING pc=0x0000019595c766b5 sp=0x00000076910f4ec0
Event: 14.187 Thread 0x00000195f125fe10 DEOPT UNPACKING pc=0x000001959ce04242 sp=0x00000076910f43d0 mode 0
Event: 14.310 Thread 0x00000195f125fe10 Uncommon trap: trap_request=0xffffff6e fr.pc=0x000001959d456534 relative=0x0000000000000954
Event: 14.310 Thread 0x00000195f125fe10 Uncommon trap: reason=loop_limit_check action=maybe_recompile pc=0x000001959d456534 method=java.util.regex.Pattern$StartS.match(Ljava/util/regex/Matcher;ILjava/lang/CharSequence;)Z @ 34 c2
Event: 14.310 Thread 0x00000195f125fe10 DEOPT PACKING pc=0x000001959d456534 sp=0x00000076910f27c0
Event: 14.310 Thread 0x00000195f125fe10 DEOPT UNPACKING pc=0x000001959ce03aa2 sp=0x00000076910f2720 mode 2
Event: 14.333 Thread 0x00000195f125fe10 Uncommon trap: trap_request=0xffffff45 fr.pc=0x000001959d46086c relative=0x000000000000014c
Event: 14.333 Thread 0x00000195f125fe10 Uncommon trap: reason=unstable_if action=reinterpret pc=0x000001959d46086c method=org.lombokweb.asm.ByteVector.putByteArray([BII)Lorg/lombokweb/asm/ByteVector; @ 20 c2
Event: 14.333 Thread 0x00000195f125fe10 DEOPT PACKING pc=0x000001959d46086c sp=0x00000076910eeab0
Event: 14.333 Thread 0x00000195f125fe10 DEOPT UNPACKING pc=0x000001959ce03aa2 sp=0x00000076910eea80 mode 2
Event: 14.333 Thread 0x00000195f125fe10 Uncommon trap: trap_request=0xffffff45 fr.pc=0x000001959d45fa24 relative=0x0000000000000364
Event: 14.333 Thread 0x00000195f125fe10 Uncommon trap: reason=unstable_if action=reinterpret pc=0x000001959d45fa24 method=org.lombokweb.asm.Label.resolve([BLorg/lombokweb/asm/ByteVector;I)Z @ 81 c2
Event: 14.333 Thread 0x00000195f125fe10 DEOPT PACKING pc=0x000001959d45fa24 sp=0x00000076910eeb40
Event: 14.333 Thread 0x00000195f125fe10 DEOPT UNPACKING pc=0x000001959ce03aa2 sp=0x00000076910eea48 mode 2

Classes loaded (20 events):
Event: 14.131 Loading class java/io/StringReader
Event: 14.131 Loading class java/io/StringReader done
Event: 14.133 Loading class java/util/zip/GZIPInputStream
Event: 14.133 Loading class java/util/zip/GZIPInputStream done
Event: 14.135 Loading class java/net/SocketTimeoutException
Event: 14.135 Loading class java/io/InterruptedIOException
Event: 14.135 Loading class java/io/InterruptedIOException done
Event: 14.135 Loading class java/net/SocketTimeoutException done
Event: 14.135 Loading class java/net/SocketException
Event: 14.135 Loading class java/net/SocketException done
Event: 14.135 Loading class java/net/UnknownHostException
Event: 14.135 Loading class java/net/UnknownHostException done
Event: 14.135 Loading class java/net/ProtocolException
Event: 14.135 Loading class java/net/ProtocolException done
Event: 14.147 Loading class java/lang/ThreadLocal$SuppliedThreadLocal
Event: 14.148 Loading class java/lang/ThreadLocal$SuppliedThreadLocal done
Event: 14.186 Loading class java/io/FileWriter
Event: 14.186 Loading class java/io/FileWriter done
Event: 14.186 Loading class java/lang/NegativeArraySizeException
Event: 14.187 Loading class java/lang/NegativeArraySizeException done

Classes unloaded (0 events):
No events

Classes redefined (0 events):
No events

Internal exceptions (20 events):
Event: 11.897 Thread 0x00000195f125fe10 Exception <a 'java/io/FileNotFoundException'{0x00000000d570e468}> (0x00000000d570e468) 
thrown [s\src\hotspot\share\prims\jni.cpp, line 520]
Event: 11.897 Thread 0x00000195f125fe10 Exception <a 'java/io/FileNotFoundException'{0x00000000d5715aa0}> (0x00000000d5715aa0) 
thrown [s\src\hotspot\share\prims\jni.cpp, line 520]
Event: 13.020 Thread 0x00000195f125fe10 Exception <a 'java/lang/NoSuchMethodError'{0x00000000d5c94d50}: 'java.lang.Object java.lang.invoke.DirectMethodHandle$Holder.newInvokeSpecial(java.lang.Object, java.lang.Object, java.lang.Object, java.lang.Object, java.lang.Object)'> (0x00000000d5c94d50) 
thrown [s\src\hotspot\share\interpreter\linkResolver.cpp, line 773]
Event: 13.029 Thread 0x00000195f125fe10 Exception <a 'java/lang/NoSuchMethodError'{0x00000000d5d754c8}: 'java.lang.Object java.lang.invoke.DirectMethodHandle$Holder.invokeSpecial(java.lang.Object, java.lang.Object, java.lang.Object, long, java.lang.Object)'> (0x00000000d5d754c8) 
thrown [s\src\hotspot\share\interpreter\linkResolver.cpp, line 773]
Event: 13.030 Thread 0x00000195f125fe10 Exception <a 'java/lang/NoSuchMethodError'{0x00000000d5d7cd10}: 'java.lang.Object java.lang.invoke.DirectMethodHandle$Holder.newInvokeSpecial(java.lang.Object, java.lang.Object, java.lang.Object, long)'> (0x00000000d5d7cd10) 
thrown [s\src\hotspot\share\interpreter\linkResolver.cpp, line 773]
Event: 13.030 Thread 0x00000195f125fe10 Exception <a 'java/lang/NoSuchMethodError'{0x00000000d5d810c0}: 'java.lang.Object java.lang.invoke.DirectMethodHandle$Holder.invokeSpecial(java.lang.Object, java.lang.Object, java.lang.Object, java.lang.Object, long)'> (0x00000000d5d810c0) 
thrown [s\src\hotspot\share\interpreter\linkResolver.cpp, line 773]
Event: 13.030 Thread 0x00000195f125fe10 Exception <a 'java/lang/NoSuchMethodError'{0x00000000d5d84ce0}: 'java.lang.Object java.lang.invoke.Invokers$Holder.linkToTargetMethod(java.lang.Object, java.lang.Object, long, java.lang.Object)'> (0x00000000d5d84ce0) 
thrown [s\src\hotspot\share\interpreter\linkResolver.cpp, line 773]
Event: 13.037 Thread 0x00000195f125fe10 Exception <a 'java/lang/NoSuchMethodError'{0x00000000d5df6da0}: 'int java.lang.invoke.DirectMethodHandle$Holder.invokeStaticInit(java.lang.Object, java.lang.Object, java.lang.Object)'> (0x00000000d5df6da0) 
thrown [s\src\hotspot\share\interpreter\linkResolver.cpp, line 773]
Event: 13.045 Thread 0x00000195f125fe10 Exception <a 'java/lang/IncompatibleClassChangeError'{0x00000000d5e8e040}: Found class java.lang.Object, but interface was expected> (0x00000000d5e8e040) 
thrown [s\src\hotspot\share\interpreter\linkResolver.cpp, line 840]
Event: 13.045 Thread 0x00000195f125fe10 Exception <a 'java/lang/NoSuchMethodError'{0x00000000d5e91bf0}: 'java.lang.Object java.lang.invoke.DirectMethodHandle$Holder.invokeSpecial(java.lang.Object, java.lang.Object, java.lang.Object, int, java.lang.Object, java.lang.Object)'> (0x00000000d5e91bf0) 
thrown [s\src\hotspot\share\interpreter\linkResolver.cpp, line 773]
Event: 13.046 Thread 0x00000195f125fe10 Exception <a 'java/lang/NoSuchMethodError'{0x00000000d5ea7720}: 'java.lang.Object java.lang.invoke.DirectMethodHandle$Holder.newInvokeSpecial(java.lang.Object, java.lang.Object, java.lang.Object, int, java.lang.Object)'> (0x00000000d5ea7720) 
thrown [s\src\hotspot\share\interpreter\linkResolver.cpp, line 773]
Event: 13.046 Thread 0x00000195f125fe10 Exception <a 'java/lang/NoSuchMethodError'{0x00000000d5eab6a0}: 'java.lang.Object java.lang.invoke.DirectMethodHandle$Holder.invokeSpecial(java.lang.Object, java.lang.Object, java.lang.Object, java.lang.Object, int, java.lang.Object)'> (0x00000000d5eab6a0) 
thrown [s\src\hotspot\share\interpreter\linkResolver.cpp, line 773]
Event: 13.046 Thread 0x00000195f125fe10 Exception <a 'java/lang/NoSuchMethodError'{0x00000000d5eaf1e0}: 'java.lang.Object java.lang.invoke.Invokers$Holder.linkToTargetMethod(java.lang.Object, java.lang.Object, int, java.lang.Object, java.lang.Object)'> (0x00000000d5eaf1e0) 
thrown [s\src\hotspot\share\interpreter\linkResolver.cpp, line 773]
Event: 13.047 Thread 0x00000195f11a1ee0 Exception <a 'java/lang/NoSuchMethodError'{0x00000000d5dce7a8}: 'java.lang.Object java.lang.invoke.DirectMethodHandle$Holder.invokeSpecial(java.lang.Object, java.lang.Object, int, java.lang.Object, java.lang.Object)'> (0x00000000d5dce7a8) 
thrown [s\src\hotspot\share\interpreter\linkResolver.cpp, line 773]
Event: 13.047 Thread 0x00000195f11a1ee0 Exception <a 'java/lang/NoSuchMethodError'{0x00000000d5dd54e0}: 'java.lang.Object java.lang.invoke.DirectMethodHandle$Holder.newInvokeSpecial(java.lang.Object, java.lang.Object, int, java.lang.Object)'> (0x00000000d5dd54e0) 
thrown [s\src\hotspot\share\interpreter\linkResolver.cpp, line 773]
Event: 13.047 Thread 0x00000195f11a1ee0 Exception <a 'java/lang/NoSuchMethodError'{0x00000000d5dd8dc0}: 'java.lang.Object java.lang.invoke.DirectMethodHandle$Holder.invokeSpecial(java.lang.Object, java.lang.Object, java.lang.Object, int, java.lang.Object)'> (0x00000000d5dd8dc0) 
thrown [s\src\hotspot\share\interpreter\linkResolver.cpp, line 773]
Event: 13.057 Thread 0x00000195f125fe10 Exception <a 'java/lang/NoSuchMethodError'{0x00000000d5fecc90}: 'void java.lang.invoke.DirectMethodHandle$Holder.invokeSpecial(java.lang.Object, java.lang.Object, java.lang.Object, java.lang.Object, java.lang.Object)'> (0x00000000d5fecc90) 
thrown [s\src\hotspot\share\interpreter\linkResolver.cpp, line 773]
Event: 13.090 Thread 0x00000195f125fe10 Exception <a 'java/lang/NoSuchMethodError'{0x00000000d62af930}: 'double java.lang.invoke.DirectMethodHandle$Holder.invokeStatic(java.lang.Object, java.lang.Object)'> (0x00000000d62af930) 
thrown [s\src\hotspot\share\interpreter\linkResolver.cpp, line 773]
Event: 13.091 Thread 0x00000195f125fe10 Exception <a 'java/lang/NoSuchMethodError'{0x00000000d62b2ff0}: 'double java.lang.invoke.DirectMethodHandle$Holder.invokeStaticInit(java.lang.Object, java.lang.Object)'> (0x00000000d62b2ff0) 
thrown [s\src\hotspot\share\interpreter\linkResolver.cpp, line 773]
Event: 14.333 Thread 0x00000195f125fe10 Implicit null exception at 0x000001959d460775 to 0x000001959d460850

ZGC Phase Switch (0 events):
No events

VM Operations (20 events):
Event: 11.055 Executing VM operation: Cleanup
Event: 11.055 Executing VM operation: Cleanup done
Event: 11.576 Executing VM operation: HandshakeAllThreads (Deoptimize)
Event: 11.576 Executing VM operation: HandshakeAllThreads (Deoptimize) done
Event: 11.813 Executing VM operation: ParallelGCFailedAllocation (Allocation Failure)
Event: 11.818 Executing VM operation: ParallelGCFailedAllocation (Allocation Failure) done
Event: 11.919 Executing VM operation: HandshakeAllThreads (Deoptimize)
Event: 11.919 Executing VM operation: HandshakeAllThreads (Deoptimize) done
Event: 11.925 Executing VM operation: HandshakeAllThreads (Deoptimize)
Event: 11.925 Executing VM operation: HandshakeAllThreads (Deoptimize) done
Event: 11.943 Executing VM operation: HandshakeAllThreads (Deoptimize)
Event: 11.943 Executing VM operation: HandshakeAllThreads (Deoptimize) done
Event: 12.952 Executing VM operation: Cleanup
Event: 12.952 Executing VM operation: Cleanup done
Event: 13.957 Executing VM operation: Cleanup
Event: 14.127 Executing VM operation: Cleanup done
Event: 14.171 Executing VM operation: ParallelGCFailedAllocation (Allocation Failure)
Event: 14.174 Executing VM operation: ParallelGCFailedAllocation (Allocation Failure) done
Event: 14.412 Executing VM operation: ParallelGCFailedAllocation (Allocation Failure)
Event: 14.416 Executing VM operation: ParallelGCFailedAllocation (Allocation Failure) done

Memory protections (0 events):
No events

Nmethod flushes (0 events):
No events

Events (20 events):
Event: 0.056 Thread 0x00000195901d42a0 Thread added: 0x0000019592623690
Event: 0.056 Thread 0x00000195901d42a0 Thread added: 0x00000195926264d0
Event: 0.057 Thread 0x00000195901d42a0 Thread added: 0x00000195eb499730
Event: 0.111 Thread 0x00000195eb499730 Thread added: 0x00000195eb6925f0
Event: 0.125 Thread 0x00000195901d42a0 Thread added: 0x00000195eb70f1a0
Event: 0.377 Thread 0x00000195901d42a0 Thread added: 0x00000195eb7cedc0
Event: 0.580 Thread 0x00000195eb499730 Thread added: 0x00000195eb83f0f0
Event: 1.555 Thread 0x00000195eb83f0f0 Thread exited: 0x00000195eb83f0f0
Event: 1.784 Thread 0x00000195901d42a0 Thread added: 0x00000195ecb400c0
Event: 2.036 Thread 0x00000195eb6925f0 Thread exited: 0x00000195eb6925f0
Event: 9.771 Thread 0x00000195901d42a0 Thread added: 0x00000195f125f5a0
Event: 9.774 Thread 0x00000195901d42a0 Thread added: 0x00000195f125fe10
Event: 10.036 Thread 0x00000195f125fe10 Thread added: 0x00000195eb70eb30
Event: 11.234 Thread 0x00000195eb499730 Thread added: 0x00000195eb831b00
Event: 11.461 Thread 0x00000195eb831b00 Thread exited: 0x00000195eb831b00
Event: 11.635 Thread 0x00000195f125fe10 Thread added: 0x00000195ec9eabb0
Event: 11.947 Thread 0x00000195eb499730 Thread added: 0x00000195ecb939f0
Event: 13.033 Thread 0x00000195f125fe10 Thread added: 0x00000195f11a1ee0
Event: 13.047 Thread 0x00000195f125fe10 Thread added: 0x00000195f1364e20
Event: 14.170 Thread 0x00000195eb499730 Thread added: 0x00000195f121e590


Dynamic libraries:
0x00007ff620f00000 - 0x00007ff620f0e000 	c:\Users\N I T R O  V  15\.antigravity\extensions\redhat.java-1.50.0-win32-x64\jre\21.0.9-win32-x86_64\bin\java.exe
0x00007ffdea320000 - 0x00007ffdea587000 	C:\WINDOWS\SYSTEM32\ntdll.dll
0x00007ffde9f20000 - 0x00007ffde9fe9000 	C:\WINDOWS\System32\KERNEL32.DLL
0x00007ffde7c00000 - 0x00007ffde7fef000 	C:\WINDOWS\System32\KERNELBASE.dll
0x00007ffde3c80000 - 0x00007ffde3d1f000 	C:\WINDOWS\SYSTEM32\apphelp.dll
0x00007ffde7500000 - 0x00007ffde764b000 	C:\WINDOWS\System32\ucrtbase.dll
0x00007ffdd9bc0000 - 0x00007ffdd9bd8000 	c:\Users\N I T R O  V  15\.antigravity\extensions\redhat.java-1.50.0-win32-x64\jre\21.0.9-win32-x86_64\bin\jli.dll
0x00007ffdd99a0000 - 0x00007ffdd99be000 	c:\Users\N I T R O  V  15\.antigravity\extensions\redhat.java-1.50.0-win32-x64\jre\21.0.9-win32-x86_64\bin\VCRUNTIME140.dll
0x00007ffdea110000 - 0x00007ffdea2d5000 	C:\WINDOWS\System32\USER32.dll
0x00007ffdc5b60000 - 0x00007ffdc5df3000 	C:\WINDOWS\WinSxS\amd64_microsoft.windows.common-controls_6595b64144ccf1df_6.0.26100.7309_none_3e05feeae336a044\COMCTL32.dll
0x00007ffde7a60000 - 0x00007ffde7a87000 	C:\WINDOWS\System32\win32u.dll
0x00007ffde8d50000 - 0x00007ffde8df9000 	C:\WINDOWS\System32\msvcrt.dll
0x00007ffde8d20000 - 0x00007ffde8d4b000 	C:\WINDOWS\System32\GDI32.dll
0x00007ffde7650000 - 0x00007ffde777c000 	C:\WINDOWS\System32\gdi32full.dll
0x00007ffde79b0000 - 0x00007ffde7a53000 	C:\WINDOWS\System32\msvcp_win.dll
0x00007ffde9ec0000 - 0x00007ffde9ef1000 	C:\WINDOWS\System32\IMM32.DLL
0x00007ffddd660000 - 0x00007ffddd66c000 	c:\Users\N I T R O  V  15\.antigravity\extensions\redhat.java-1.50.0-win32-x64\jre\21.0.9-win32-x86_64\bin\vcruntime140_1.dll
0x00007ffd83d20000 - 0x00007ffd83dad000 	c:\Users\N I T R O  V  15\.antigravity\extensions\redhat.java-1.50.0-win32-x64\jre\21.0.9-win32-x86_64\bin\msvcp140.dll
0x00007ffd49760000 - 0x00007ffd4a500000 	c:\Users\N I T R O  V  15\.antigravity\extensions\redhat.java-1.50.0-win32-x64\jre\21.0.9-win32-x86_64\bin\server\jvm.dll
0x00007ffde8ee0000 - 0x00007ffde8f94000 	C:\WINDOWS\System32\ADVAPI32.dll
0x00007ffde99e0000 - 0x00007ffde9a86000 	C:\WINDOWS\System32\sechost.dll
0x00007ffde80c0000 - 0x00007ffde81d8000 	C:\WINDOWS\System32\RPCRT4.dll
0x00007ffde8fa0000 - 0x00007ffde9014000 	C:\WINDOWS\System32\WS2_32.dll
0x00007ffde6050000 - 0x00007ffde60ae000 	C:\WINDOWS\SYSTEM32\POWRPROF.dll
0x00007ffddccb0000 - 0x00007ffddccbb000 	C:\WINDOWS\SYSTEM32\VERSION.dll
0x00007ffdd3b20000 - 0x00007ffdd3b55000 	C:\WINDOWS\SYSTEM32\WINMM.dll
0x00007ffde6030000 - 0x00007ffde6044000 	C:\WINDOWS\SYSTEM32\UMPDC.dll
0x00007ffde6320000 - 0x00007ffde633b000 	C:\WINDOWS\SYSTEM32\kernel.appcore.dll
0x00007ffddd3f0000 - 0x00007ffddd3fa000 	c:\Users\N I T R O  V  15\.antigravity\extensions\redhat.java-1.50.0-win32-x64\jre\21.0.9-win32-x86_64\bin\jimage.dll
0x00007ffde4a70000 - 0x00007ffde4cb2000 	C:\WINDOWS\SYSTEM32\DBGHELP.DLL
0x00007ffde9a90000 - 0x00007ffde9e16000 	C:\WINDOWS\System32\combase.dll
0x00007ffde8e00000 - 0x00007ffde8ed6000 	C:\WINDOWS\System32\OLEAUT32.dll
0x00007ffdbe940000 - 0x00007ffdbe97c000 	C:\WINDOWS\SYSTEM32\dbgcore.DLL
0x00007ffde7780000 - 0x00007ffde7825000 	C:\WINDOWS\System32\bcryptPrimitives.dll
0x00007ffddcd30000 - 0x00007ffddcd3f000 	c:\Users\N I T R O  V  15\.antigravity\extensions\redhat.java-1.50.0-win32-x64\jre\21.0.9-win32-x86_64\bin\instrument.dll
0x00007ffdd9100000 - 0x00007ffdd9120000 	c:\Users\N I T R O  V  15\.antigravity\extensions\redhat.java-1.50.0-win32-x64\jre\21.0.9-win32-x86_64\bin\java.dll
0x00007ffde91e0000 - 0x00007ffde9933000 	C:\WINDOWS\System32\SHELL32.dll
0x00007ffde7a90000 - 0x00007ffde7bfa000 	C:\WINDOWS\System32\wintypes.dll
0x00007ffde5070000 - 0x00007ffde58ce000 	C:\WINDOWS\SYSTEM32\windows.storage.dll
0x00007ffde8bd0000 - 0x00007ffde8cc4000 	C:\WINDOWS\System32\SHCORE.dll
0x00007ffde9940000 - 0x00007ffde99a6000 	C:\WINDOWS\System32\shlwapi.dll
0x00007ffde7390000 - 0x00007ffde73b9000 	C:\WINDOWS\SYSTEM32\profapi.dll
0x00007ffdd9420000 - 0x00007ffdd9438000 	c:\Users\N I T R O  V  15\.antigravity\extensions\redhat.java-1.50.0-win32-x64\jre\21.0.9-win32-x86_64\bin\zip.dll
0x00007ffddcdb0000 - 0x00007ffddcdc0000 	C:\Users\N I T R O  V  15\.antigravity\extensions\redhat.java-1.50.0-win32-x64\jre\21.0.9-win32-x86_64\bin\net.dll
0x00007ffdde100000 - 0x00007ffdde228000 	C:\WINDOWS\SYSTEM32\WINHTTP.dll
0x00007ffde68b0000 - 0x00007ffde691b000 	C:\WINDOWS\system32\mswsock.dll
0x00007ffdd8d20000 - 0x00007ffdd8d36000 	C:\Users\N I T R O  V  15\.antigravity\extensions\redhat.java-1.50.0-win32-x64\jre\21.0.9-win32-x86_64\bin\nio.dll
0x00007ffddb2f0000 - 0x00007ffddb300000 	c:\Users\N I T R O  V  15\.antigravity\extensions\redhat.java-1.50.0-win32-x64\jre\21.0.9-win32-x86_64\bin\verify.dll
0x00007ffdd62e0000 - 0x00007ffdd6324000 	C:\Users\N I T R O  V  15\AppData\Roaming\Antigravity\User\globalStorage\redhat.java\1.50.0\config_ss_win\org.eclipse.equinox.launcher\org.eclipse.equinox.launcher.win32.win32.x86_64_1.2.1400.v20250801-0854\eclipse_11916.dll
0x00007ffde8a30000 - 0x00007ffde8bc7000 	C:\WINDOWS\System32\ole32.dll

JVMTI agents:
c:\Users\N I T R O  V  15\.antigravity\extensions\redhat.java-1.50.0-win32-x64\lombok\lombok-1.18.39-4050.jar path:c:\Users\N I T R O  V  15\.antigravity\extensions\redhat.java-1.50.0-win32-x64\jre\21.0.9-win32-x86_64\bin\instrument.dll, loaded, initialized, instrumentlib options:none

dbghelp: loaded successfully - version: 4.0.5 - missing functions: none
symbol engine: initialized successfully - sym options: 0x614 - pdb path: .;c:\Users\N I T R O  V  15\.antigravity\extensions\redhat.java-1.50.0-win32-x64\jre\21.0.9-win32-x86_64\bin;C:\WINDOWS\SYSTEM32;C:\WINDOWS\WinSxS\amd64_microsoft.windows.common-controls_6595b64144ccf1df_6.0.26100.7309_none_3e05feeae336a044;c:\Users\N I T R O  V  15\.antigravity\extensions\redhat.java-1.50.0-win32-x64\jre\21.0.9-win32-x86_64\bin\server;C:\Users\N I T R O  V  15\AppData\Roaming\Antigravity\User\globalStorage\redhat.java\1.50.0\config_ss_win\org.eclipse.equinox.launcher\org.eclipse.equinox.launcher.win32.win32.x86_64_1.2.1400.v20250801-0854

VM Arguments:
jvm_args: --add-modules=ALL-SYSTEM --add-opens=java.base/java.util=ALL-UNNAMED --add-opens=java.base/java.lang=ALL-UNNAMED --add-opens=java.base/sun.nio.fs=ALL-UNNAMED -Declipse.application=org.eclipse.jdt.ls.core.id1 -Dosgi.bundles.defaultStartLevel=4 -Declipse.product=org.eclipse.jdt.ls.core.product -Djava.import.generatesMetadataFilesAtProjectRoot=false -DDetectVMInstallationsJob.disabled=true -Dfile.encoding=utf8 -XX:+UseParallelGC -XX:GCTimeRatio=4 -XX:AdaptiveSizePolicyWeight=90 -Dsun.zip.disableMemoryMapping=true -Xmx2G -Xms100m -Xlog:disable -javaagent:c:\Users\N I T R O  V  15\.antigravity\extensions\redhat.java-1.50.0-win32-x64\lombok\lombok-1.18.39-4050.jar 
java_command: c:\Users\N I T R O  V  15\.antigravity\extensions\redhat.java-1.50.0-win32-x64\server\plugins\org.eclipse.equinox.launcher_1.7.100.v20251111-0406.jar -configuration c:\Users\N I T R O  V  15\AppData\Roaming\Antigravity\User\globalStorage\redhat.java\1.50.0\config_ss_win -data c:\Users\N I T R O  V  15\AppData\Roaming\Antigravity\User\workspaceStorage\73e4d8695a569b01e8c4984038c310c4\redhat.java\ss_ws --pipe=\\.\pipe\lsp-2327929b7d9cbc69aa70848375add6c2-sock
java_class_path (initial): c:\Users\N I T R O  V  15\.antigravity\extensions\redhat.java-1.50.0-win32-x64\server\plugins\org.eclipse.equinox.launcher_1.7.100.v20251111-0406.jar
Launcher Type: SUN_STANDARD

[Global flags]
    uintx AdaptiveSizePolicyWeight                 = 90                                        {product} {command line}
     intx CICompilerCount                          = 4                                         {product} {ergonomic}
    uintx GCTimeRatio                              = 4                                         {product} {command line}
   size_t InitialHeapSize                          = 104857600                                 {product} {command line}
   size_t MaxHeapSize                              = 2147483648                                {product} {command line}
   size_t MaxNewSize                               = 715653120                                 {product} {ergonomic}
   size_t MinHeapDeltaBytes                        = 524288                                    {product} {ergonomic}
   size_t MinHeapSize                              = 104857600                                 {product} {command line}
   size_t NewSize                                  = 34603008                                  {product} {ergonomic}
    uintx NonNMethodCodeHeapSize                   = 5839372                                {pd product} {ergonomic}
    uintx NonProfiledCodeHeapSize                  = 122909434                              {pd product} {ergonomic}
   size_t OldSize                                  = 70254592                                  {product} {ergonomic}
    uintx ProfiledCodeHeapSize                     = 122909434                              {pd product} {ergonomic}
    uintx ReservedCodeCacheSize                    = 251658240                              {pd product} {ergonomic}
     bool SegmentedCodeCache                       = true                                      {product} {ergonomic}
   size_t SoftMaxHeapSize                          = 2147483648                             {manageable} {ergonomic}
     bool UseCompressedOops                        = true                           {product lp64_product} {ergonomic}
     bool UseLargePagesIndividualAllocation        = false                                  {pd product} {ergonomic}
     bool UseParallelGC                            = true                                      {product} {command line}

Logging:
Log output configuration:
 #0: stdout all=off uptime,level,tags foldmultilines=false
 #1: stderr all=off uptime,level,tags foldmultilines=false

Release file:
JAVA_VERSION="21.0.9" 
MODULES="java.base java.compiler java.datatransfer java.xml java.prefs java.desktop java.instrument java.logging java.management java.security.sasl java.naming java.rmi java.management.rmi java.net.http java.scripting java.security.jgss java.transaction.xa java.sql java.sql.rowset java.xml.crypto java.se java.smartcardio jdk.accessibility jdk.internal.jvmstat jdk.attach jdk.charsets jdk.internal.opt jdk.zipfs jdk.compiler jdk.crypto.ec jdk.crypto.cryptoki jdk.crypto.mscapi jdk.dynalink jdk.internal.ed jdk.editpad jdk.hotspot.agent jdk.httpserver jdk.internal.le jdk.internal.vm.ci jdk.internal.vm.compiler jdk.internal.vm.compiler.management jdk.jartool jdk.javadoc jdk.jcmd jdk.management jdk.management.agent jdk.jconsole jdk.jdeps jdk.jdwp.agent jdk.jdi jdk.jfr jdk.jshell jdk.jsobject jdk.jstatd jdk.localedata jdk.management.jfr jdk.naming.dns jdk.naming.rmi jdk.net jdk.nio.mapmode jdk.random jdk.sctp jdk.security.auth jdk.security.jgss jdk.unsupported jdk.unsupported.desktop jdk.xml.dom" 

Environment Variables:
PATH=C:\Program Files\Common Files\Oracle\Java\javapath;C:\Windows\system32;C:\Windows;C:\Windows\System32\Wbem;C:\Windows\System32\WindowsPowerShell\v1.0\;C:\Windows\System32\OpenSSH\;C:\Program Files (x86)\NVIDIA Corporation\PhysX\Common;C:\WINDOWS\system32;C:\WINDOWS;C:\WINDOWS\System32\Wbem;C:\WINDOWS\System32\WindowsPowerShell\v1.0\;C:\WINDOWS\System32\OpenSSH\;C:\Program Files\PuTTY\;C:\Program Files\Git\cmd;C:\Program Files\NVIDIA Corporation\NVIDIA app\NvDLISR;C:\Program Files\nodejs\;C:\xampp\php;C:\ProgramData\ComposerSetup\bin;C:\Program Files\k6\;C:\Users\N I T R O  V  15\AppData\Local\Microsoft\WindowsApps;C:\Users\N I T R O  V  15\AppData\Local\Programs\Microsoft VS Code\bin;C:\ProgramData\N I T R O  V  15\GitHubDesktop\bin;C:\Users\N I T R O  V  15\AppData\Local\GitHubDesktop\bin;C:\Users\N I T R O  V  15\AppData\Roaming\npm;C:\Users\N I T R O  V  15\AppData\Roaming\Composer\vendor\bin;C:\Program Files\k6\;C:\Users\N I T R O  V  15\AppData\Local\Programs\Antigravity\bin
USERNAME=N I T R O  V  15
OS=Windows_NT
PROCESSOR_IDENTIFIER=Intel64 Family 6 Model 186 Stepping 2, GenuineIntel
TMP=C:\Users\NITROV~1\AppData\Local\Temp
TEMP=C:\Users\NITROV~1\AppData\Local\Temp




Periodic native trim disabled

---------------  S Y S T E M  ---------------

OS:
 Windows 11 , 64 bit Build 26100 (10.0.26100.7309)
OS uptime: 0 days 2:10 hours
Hyper-V role detected

CPU: total 12 (initial active 12) (6 cores per cpu, 2 threads per core) family 6 model 186 stepping 2 microcode 0x5103, cx8, cmov, fxsr, ht, mmx, 3dnowpref, sse, sse2, sse3, ssse3, sse4.1, sse4.2, popcnt, lzcnt, tsc, tscinvbit, avx, avx2, aes, erms, clmul, bmi1, bmi2, adx, sha, fma, vzeroupper, clflush, clflushopt, clwb, hv, serialize, rdtscp, rdpid, fsrm, f16c, cet_ibt, cet_ss
Processor Information for the first 12 processors :
  Max Mhz: 2100, Current Mhz: 2100, Mhz Limit: 2100

Memory: 4k page, system-wide physical 16087M (572M free)
TotalPageFile size 47554M (AvailPageFile size 11M)
current process WorkingSet (physical memory assigned to process): 139M, peak: 139M
current process commit charge ("private bytes"): 286M, peak: 287M

vm_info: OpenJDK 64-Bit Server VM (21.0.9+10-LTS) for windows-amd64 JRE (21.0.9+10-LTS), built on 2025-10-21T00:00:00Z by "admin" with unknown MS VC++:1942

END.
